--------------------------------------------------------------------------------
Release 14.7 Trace  (nt64)
Copyright (c) 1995-2013 Xilinx, Inc.  All rights reserved.

C:\Xilinx\14.7\ISE_DS\ISE\bin\nt64\unwrapped\trce.exe -intstyle ise -v 3 -s 3
-n 3 -fastpaths -xml ALU.twx ALU.ncd -o ALU.twr ALU.pcf

Design file:              ALU.ncd
Physical constraint file: ALU.pcf
Device,package,speed:     xc7a100t,csg324,C,-3 (PRODUCTION 1.10 2013-10-13)
Report level:             verbose report

Environment Variable      Effect 
--------------------      ------ 
NONE                      No environment variables were set
--------------------------------------------------------------------------------

INFO:Timing:2698 - No timing constraints found, doing default enumeration.
INFO:Timing:3412 - To improve timing, see the Timing Closure User Guide (UG612).
INFO:Timing:2752 - To get complete path coverage, use the unconstrained paths 
   option. All paths that are not constrained will be reported in the 
   unconstrained paths section(s) of the report.
INFO:Timing:3339 - The clock-to-out numbers in this timing report are based on 
   a 50 Ohm transmission line loading model.  For the details of this model, 
   and for more information on accounting for different loading conditions, 
   please see the device datasheet.



Data Sheet report:
-----------------
All values displayed in nanoseconds (ns)

Setup/Hold to clock enb
------------+------------+------------+------------+------------+------------------+--------+
            |Max Setup to|  Process   |Max Hold to |  Process   |                  | Clock  |
Source      | clk (edge) |   Corner   | clk (edge) |   Corner   |Internal Clock(s) | Phase  |
------------+------------+------------+------------+------------+------------------+--------+
input1<0>   |    3.384(F)|      SLOW  |    1.769(F)|      SLOW  |enb_BUFGP         |   0.000|
input1<1>   |    3.772(F)|      SLOW  |    1.313(F)|      SLOW  |enb_BUFGP         |   0.000|
input1<2>   |    3.168(F)|      SLOW  |    1.542(F)|      SLOW  |enb_BUFGP         |   0.000|
input1<3>   |    4.427(F)|      SLOW  |    1.635(F)|      SLOW  |enb_BUFGP         |   0.000|
input1<4>   |    6.123(F)|      SLOW  |    2.013(F)|      SLOW  |enb_BUFGP         |   0.000|
input1<5>   |    6.233(F)|      SLOW  |    1.724(F)|      SLOW  |enb_BUFGP         |   0.000|
input1<6>   |    6.529(F)|      SLOW  |    1.767(F)|      SLOW  |enb_BUFGP         |   0.000|
input1<7>   |    6.477(F)|      SLOW  |    1.637(F)|      SLOW  |enb_BUFGP         |   0.000|
input1<8>   |    7.784(F)|      SLOW  |    1.461(F)|      SLOW  |enb_BUFGP         |   0.000|
input1<9>   |    8.414(F)|      SLOW  |    1.740(F)|      SLOW  |enb_BUFGP         |   0.000|
input1<10>  |    8.817(F)|      SLOW  |    1.704(F)|      SLOW  |enb_BUFGP         |   0.000|
input1<11>  |    8.747(F)|      SLOW  |    1.387(F)|      SLOW  |enb_BUFGP         |   0.000|
input1<12>  |    9.051(F)|      SLOW  |    1.908(F)|      SLOW  |enb_BUFGP         |   0.000|
input1<13>  |    8.433(F)|      SLOW  |    1.502(F)|      SLOW  |enb_BUFGP         |   0.000|
input1<14>  |    8.718(F)|      SLOW  |    1.429(F)|      SLOW  |enb_BUFGP         |   0.000|
input1<15>  |    8.985(F)|      SLOW  |    1.821(F)|      SLOW  |enb_BUFGP         |   0.000|
input2<0>   |    3.638(F)|      SLOW  |    0.980(F)|      SLOW  |enb_BUFGP         |   0.000|
input2<1>   |    3.211(F)|      SLOW  |    0.737(F)|      SLOW  |enb_BUFGP         |   0.000|
input2<2>   |    3.248(F)|      SLOW  |    0.846(F)|      SLOW  |enb_BUFGP         |   0.000|
input2<3>   |    2.950(F)|      SLOW  |    1.144(F)|      SLOW  |enb_BUFGP         |   0.000|
input2<4>   |    3.208(F)|      SLOW  |    1.225(F)|      SLOW  |enb_BUFGP         |   0.000|
input2<5>   |    2.693(F)|      SLOW  |    1.315(F)|      SLOW  |enb_BUFGP         |   0.000|
input2<6>   |    2.042(F)|      SLOW  |    1.333(F)|      SLOW  |enb_BUFGP         |   0.000|
input2<7>   |    2.461(F)|      SLOW  |    1.078(F)|      SLOW  |enb_BUFGP         |   0.000|
input2<8>   |    2.348(F)|      SLOW  |    1.559(F)|      SLOW  |enb_BUFGP         |   0.000|
input2<9>   |    2.265(F)|      SLOW  |    1.499(F)|      SLOW  |enb_BUFGP         |   0.000|
input2<10>  |    1.626(F)|      SLOW  |    1.543(F)|      SLOW  |enb_BUFGP         |   0.000|
input2<11>  |    2.081(F)|      SLOW  |    1.388(F)|      SLOW  |enb_BUFGP         |   0.000|
input2<12>  |    1.696(F)|      SLOW  |    0.905(F)|      SLOW  |enb_BUFGP         |   0.000|
input2<13>  |    1.613(F)|      SLOW  |    1.420(F)|      SLOW  |enb_BUFGP         |   0.000|
input2<14>  |    1.476(F)|      SLOW  |    0.892(F)|      SLOW  |enb_BUFGP         |   0.000|
input2<15>  |    1.188(F)|      FAST  |    1.466(F)|      SLOW  |enb_BUFGP         |   0.000|
intput3<0>  |    3.133(F)|      SLOW  |    1.198(F)|      SLOW  |enb_BUFGP         |   0.000|
intput3<1>  |    1.727(F)|      SLOW  |    0.752(F)|      SLOW  |enb_BUFGP         |   0.000|
intput3<2>  |    2.575(F)|      SLOW  |    1.098(F)|      SLOW  |enb_BUFGP         |   0.000|
intput3<3>  |    1.647(F)|      SLOW  |    1.269(F)|      SLOW  |enb_BUFGP         |   0.000|
intput3<4>  |    2.210(F)|      SLOW  |    0.877(F)|      SLOW  |enb_BUFGP         |   0.000|
intput3<5>  |    1.628(F)|      FAST  |    1.143(F)|      SLOW  |enb_BUFGP         |   0.000|
------------+------------+------------+------------+------------+------------------+--------+

Clock enb to Pad
------------+-----------------+------------+-----------------+------------+------------------+--------+
            |Max (slowest) clk|  Process   |Min (fastest) clk|  Process   |                  | Clock  |
Destination |  (edge) to PAD  |   Corner   |  (edge) to PAD  |   Corner   |Internal Clock(s) | Phase  |
------------+-----------------+------------+-----------------+------------+------------------+--------+
carry       |         8.481(F)|      SLOW  |         3.657(F)|      FAST  |enb_BUFGP         |   0.000|
output<0>   |         8.112(F)|      SLOW  |         3.419(F)|      FAST  |enb_BUFGP         |   0.000|
output<1>   |         8.189(F)|      SLOW  |         3.463(F)|      FAST  |enb_BUFGP         |   0.000|
output<2>   |         8.149(F)|      SLOW  |         3.430(F)|      FAST  |enb_BUFGP         |   0.000|
output<3>   |         8.267(F)|      SLOW  |         3.486(F)|      FAST  |enb_BUFGP         |   0.000|
output<4>   |         8.288(F)|      SLOW  |         3.503(F)|      FAST  |enb_BUFGP         |   0.000|
output<5>   |         8.307(F)|      SLOW  |         3.527(F)|      FAST  |enb_BUFGP         |   0.000|
output<6>   |         8.251(F)|      SLOW  |         3.502(F)|      FAST  |enb_BUFGP         |   0.000|
output<7>   |         8.241(F)|      SLOW  |         3.486(F)|      FAST  |enb_BUFGP         |   0.000|
output<8>   |         8.297(F)|      SLOW  |         3.514(F)|      FAST  |enb_BUFGP         |   0.000|
output<9>   |         8.276(F)|      SLOW  |         3.500(F)|      FAST  |enb_BUFGP         |   0.000|
output<10>  |         8.195(F)|      SLOW  |         3.483(F)|      FAST  |enb_BUFGP         |   0.000|
output<11>  |         8.314(F)|      SLOW  |         3.538(F)|      FAST  |enb_BUFGP         |   0.000|
output<12>  |         8.300(F)|      SLOW  |         3.569(F)|      FAST  |enb_BUFGP         |   0.000|
output<13>  |         8.324(F)|      SLOW  |         3.586(F)|      FAST  |enb_BUFGP         |   0.000|
output<14>  |         8.104(F)|      SLOW  |         3.465(F)|      FAST  |enb_BUFGP         |   0.000|
output<15>  |         8.229(F)|      SLOW  |         3.551(F)|      FAST  |enb_BUFGP         |   0.000|
------------+-----------------+------------+-----------------+------------+------------------+--------+

Clock to Setup on destination clock enb
---------------+---------+---------+---------+---------+
               | Src:Rise| Src:Fall| Src:Rise| Src:Fall|
Source Clock   |Dest:Rise|Dest:Rise|Dest:Fall|Dest:Fall|
---------------+---------+---------+---------+---------+
enb            |         |         |         |    1.361|
---------------+---------+---------+---------+---------+


Analysis completed Tue May 02 19:38:33 2023 
--------------------------------------------------------------------------------

Trace Settings:
-------------------------
Trace Settings 

Peak Memory Usage: 5003 MB



